worldWidth=100
worldHeight=100
worldDepth=0.01
numParticles=1000
maxParticles=2000
w_k=0.022
mu_k=4
sigma_k2=1
mu_g=0.6
sigma_g2=0.0225
c_rep=1
dt=0.1
h=0.01
evolutionEnabled=1
birthRate=0.001
deathRate=0
mutationRate=0.1
energyDecay=0
energyFromGrowth=0.01
translateX=0
translateY=0
translateZ=0
zoom=1
stepsPerFrame=5
showFields=1
fieldType=3
foodEnabled=1
foodSpawnRate=0.002
foodDecayRate=0.001
foodMaxAmount=1
foodConsumptionRadius=2
showFood=1
view3D=1
cameraAngle=89
cameraRotation=352
cameraDistance=126
heightScale=10
glowIntensity=1.5
showWireframe=0
ambientLight=0.5
particleSize=20
interactionMode=0
brushRadius=5
forceStrength=0.5
goalMode=0
goalStrength=0.1
showGoal=0
goalImagePath=goal.bmp
